<?xml version="1.0" encoding="UTF-8"?>
<testng-results ignored="0" total="2" passed="2" failed="0" skipped="0">
  <reporter-output>
  </reporter-output>
  <suite started-at="2020-11-07T20:21:54 GMT" name="Default suite" finished-at="2020-11-07T20:22:03 GMT" duration-ms="9025">
    <groups>
    </groups>
    <test started-at="2020-11-07T20:21:54 GMT" name="Default test" finished-at="2020-11-07T20:22:03 GMT" duration-ms="9025">
      <class name="jkjtf.HomePage">
        <test-method is-config="true" signature="initialize()[pri:0, instance:jkjtf.HomePage@38234a38]" started-at="2020-11-07T20:21:54 GMT" name="initialize" finished-at="2020-11-07T20:21:56 GMT" duration-ms="2561" status="PASS">
          <reporter-output>
          </reporter-output>
        </test-method> <!-- initialize -->
        <test-method signature="basePageNavigation(java.lang.String, java.lang.String)[pri:0, instance:jkjtf.HomePage@38234a38]" started-at="2020-11-07T20:21:56 GMT" name="basePageNavigation" data-provider="getData" finished-at="2020-11-07T20:22:00 GMT" duration-ms="4227" status="PASS">
          <params>
            <param index="0">
              <value>
                <![CDATA[jay@gmail.com]]>
              </value>
            </param>
            <param index="1">
              <value>
                <![CDATA[12345]]>
              </value>
            </param>
          </params>
          <reporter-output>
          </reporter-output>
        </test-method> <!-- basePageNavigation -->
        <test-method signature="basePageNavigation(java.lang.String, java.lang.String)[pri:0, instance:jkjtf.HomePage@38234a38]" started-at="2020-11-07T20:22:00 GMT" name="basePageNavigation" data-provider="getData" finished-at="2020-11-07T20:22:03 GMT" duration-ms="2133" status="PASS">
          <params>
            <param index="0">
              <value>
                <![CDATA[kumar@gmail.com]]>
              </value>
            </param>
            <param index="1">
              <value>
                <![CDATA[12345]]>
              </value>
            </param>
          </params>
          <reporter-output>
          </reporter-output>
        </test-method> <!-- basePageNavigation -->
        <test-method is-config="true" signature="tearDown()[pri:0, instance:jkjtf.HomePage@38234a38]" started-at="2020-11-07T20:22:03 GMT" name="tearDown" finished-at="2020-11-07T20:22:03 GMT" duration-ms="60" status="PASS">
          <reporter-output>
          </reporter-output>
        </test-method> <!-- tearDown -->
      </class> <!-- jkjtf.HomePage -->
    </test> <!-- Default test -->
  </suite> <!-- Default suite -->
</testng-results>
